2024-10-12 10:14:50 - logger_handler.py - [line:151] - ERROR - [日志信息]: 请求失败 ： 0
2024-10-12 10:15:12 - logger_handler.py - [line:151] - ERROR - [日志信息]: 请求失败 ： 0
2024-10-12 10:17:30 - logger_handler.py - [line:151] - ERROR - [日志信息]: 请求失败 ： 0
2024-10-12 10:17:52 - logger_handler.py - [line:151] - ERROR - [日志信息]: 请求失败 ： 0
2024-10-12 10:18:54 - logger_handler.py - [line:151] - ERROR - [日志信息]: 请求失败 ： 0
2024-10-12 10:19:16 - logger_handler.py - [line:151] - ERROR - [日志信息]: 请求失败 ： 0
2024-10-12 10:22:35 - logger_handler.py - [line:151] - ERROR - [日志信息]: 请求失败 ： 0
2024-10-12 10:25:14 - logger_handler.py - [line:151] - ERROR - [日志信息]: 请求失败 ： 0
2024-10-12 10:25:37 - logger_handler.py - [line:151] - ERROR - [日志信息]: 请求失败 ： 0
2024-10-12 10:26:28 - logger_handler.py - [line:151] - ERROR - [日志信息]: 请求失败 ： 0
2024-10-12 10:27:14 - logger_handler.py - [line:151] - ERROR - [日志信息]: 图片路径列表为空
2024-10-12 10:27:14 - logger_handler.py - [line:151] - ERROR - [日志信息]: 代码报错：expected str, bytes or os.PathLike object, not NoneType。
2024-10-12 10:27:15 - logger_handler.py - [line:151] - ERROR - [日志信息]: 图片路径列表为空
2024-10-12 10:27:15 - logger_handler.py - [line:151] - ERROR - [日志信息]: 代码报错：expected str, bytes or os.PathLike object, not NoneType。
2024-10-12 10:27:16 - logger_handler.py - [line:151] - ERROR - [日志信息]: 图片路径列表为空
2024-10-12 10:27:16 - logger_handler.py - [line:151] - ERROR - [日志信息]: 代码报错：expected str, bytes or os.PathLike object, not NoneType。
2024-10-12 10:27:17 - logger_handler.py - [line:151] - ERROR - [日志信息]: 图片路径列表为空
2024-10-12 10:27:17 - logger_handler.py - [line:151] - ERROR - [日志信息]: 代码报错：expected str, bytes or os.PathLike object, not NoneType。
2024-10-12 10:29:07 - logger_handler.py - [line:151] - ERROR - [日志信息]: 图片路径列表为空
2024-10-12 10:29:07 - logger_handler.py - [line:151] - ERROR - [日志信息]: 代码报错：expected str, bytes or os.PathLike object, not NoneType。
2024-10-12 10:29:08 - logger_handler.py - [line:151] - ERROR - [日志信息]: 图片路径列表为空
2024-10-12 10:29:08 - logger_handler.py - [line:151] - ERROR - [日志信息]: 代码报错：expected str, bytes or os.PathLike object, not NoneType。
2024-10-12 10:29:09 - logger_handler.py - [line:151] - ERROR - [日志信息]: 图片路径列表为空
2024-10-12 10:29:09 - logger_handler.py - [line:151] - ERROR - [日志信息]: 代码报错：expected str, bytes or os.PathLike object, not NoneType。
2024-10-12 10:29:10 - logger_handler.py - [line:151] - ERROR - [日志信息]: 图片路径列表为空
2024-10-12 10:29:10 - logger_handler.py - [line:151] - ERROR - [日志信息]: 代码报错：expected str, bytes or os.PathLike object, not NoneType。
2024-10-12 10:29:39 - logger_handler.py - [line:151] - ERROR - [日志信息]: 图片路径列表为空
2024-10-12 10:29:39 - logger_handler.py - [line:151] - ERROR - [日志信息]: 代码报错：expected str, bytes or os.PathLike object, not NoneType。
2024-10-12 10:29:40 - logger_handler.py - [line:151] - ERROR - [日志信息]: 图片路径列表为空
2024-10-12 10:29:40 - logger_handler.py - [line:151] - ERROR - [日志信息]: 代码报错：expected str, bytes or os.PathLike object, not NoneType。
2024-10-12 10:29:41 - logger_handler.py - [line:151] - ERROR - [日志信息]: 图片路径列表为空
2024-10-12 10:29:41 - logger_handler.py - [line:151] - ERROR - [日志信息]: 代码报错：expected str, bytes or os.PathLike object, not NoneType。
2024-10-12 10:33:25 - logger_handler.py - [line:151] - ERROR - [日志信息]: 图片路径列表为空
2024-10-12 10:33:25 - logger_handler.py - [line:151] - ERROR - [日志信息]: 代码报错：expected str, bytes or os.PathLike object, not NoneType。
2024-10-12 10:33:26 - logger_handler.py - [line:151] - ERROR - [日志信息]: 图片路径列表为空
2024-10-12 10:33:26 - logger_handler.py - [line:151] - ERROR - [日志信息]: 代码报错：expected str, bytes or os.PathLike object, not NoneType。
2024-10-12 10:33:27 - logger_handler.py - [line:151] - ERROR - [日志信息]: 图片路径列表为空
2024-10-12 10:33:27 - logger_handler.py - [line:151] - ERROR - [日志信息]: 代码报错：expected str, bytes or os.PathLike object, not NoneType。
2024-10-12 10:36:50 - logger_handler.py - [line:151] - ERROR - [日志信息]: 图片路径列表为空
2024-10-12 10:36:50 - logger_handler.py - [line:151] - ERROR - [日志信息]: 代码报错：expected str, bytes or os.PathLike object, not NoneType。
2024-10-12 10:36:51 - logger_handler.py - [line:151] - ERROR - [日志信息]: 图片路径列表为空
2024-10-12 10:36:51 - logger_handler.py - [line:151] - ERROR - [日志信息]: 代码报错：expected str, bytes or os.PathLike object, not NoneType。
2024-10-12 10:36:52 - logger_handler.py - [line:151] - ERROR - [日志信息]: 图片路径列表为空
2024-10-12 10:36:52 - logger_handler.py - [line:151] - ERROR - [日志信息]: 代码报错：expected str, bytes or os.PathLike object, not NoneType。
2024-10-12 10:36:53 - logger_handler.py - [line:151] - ERROR - [日志信息]: 图片路径列表为空
2024-10-12 10:36:53 - logger_handler.py - [line:151] - ERROR - [日志信息]: 代码报错：expected str, bytes or os.PathLike object, not NoneType。
2024-10-12 10:39:32 - logger_handler.py - [line:151] - ERROR - [日志信息]: 图片路径列表为空
2024-10-12 10:39:32 - logger_handler.py - [line:151] - ERROR - [日志信息]: 无效的图片路径：None
2024-10-12 10:39:33 - logger_handler.py - [line:151] - ERROR - [日志信息]: 图片路径列表为空
2024-10-12 10:39:33 - logger_handler.py - [line:151] - ERROR - [日志信息]: 无效的图片路径：None
2024-10-12 10:39:34 - logger_handler.py - [line:151] - ERROR - [日志信息]: 图片路径列表为空
2024-10-12 10:39:34 - logger_handler.py - [line:151] - ERROR - [日志信息]: 无效的图片路径：None
2024-10-12 10:39:35 - logger_handler.py - [line:151] - ERROR - [日志信息]: 图片路径列表为空
2024-10-12 10:39:35 - logger_handler.py - [line:151] - ERROR - [日志信息]: 无效的图片路径：None
2024-10-12 10:39:36 - logger_handler.py - [line:151] - ERROR - [日志信息]: 图片路径列表为空
2024-10-12 10:39:36 - logger_handler.py - [line:151] - ERROR - [日志信息]: 无效的图片路径：None
2024-10-12 10:39:37 - logger_handler.py - [line:151] - ERROR - [日志信息]: 图片路径列表为空
2024-10-12 10:39:37 - logger_handler.py - [line:151] - ERROR - [日志信息]: 无效的图片路径：None
2024-10-12 10:43:10 - logger_handler.py - [line:151] - ERROR - [日志信息]: 图片路径列表为空
2024-10-12 10:43:10 - logger_handler.py - [line:151] - ERROR - [日志信息]: 无效的图片路径：None
2024-10-12 10:43:11 - logger_handler.py - [line:151] - ERROR - [日志信息]: 图片路径列表为空
2024-10-12 10:43:11 - logger_handler.py - [line:151] - ERROR - [日志信息]: 无效的图片路径：None
2024-10-12 10:43:12 - logger_handler.py - [line:151] - ERROR - [日志信息]: 图片路径列表为空
2024-10-12 10:43:12 - logger_handler.py - [line:151] - ERROR - [日志信息]: 无效的图片路径：None
2024-10-12 11:19:58 - logger_handler.py - [line:151] - ERROR - [日志信息]: 图片路径列表为空
2024-10-12 11:19:58 - logger_handler.py - [line:151] - ERROR - [日志信息]: 无效的图片路径：None
2024-10-12 11:19:59 - logger_handler.py - [line:151] - ERROR - [日志信息]: 图片路径列表为空
2024-10-12 11:19:59 - logger_handler.py - [line:151] - ERROR - [日志信息]: 无效的图片路径：None
2024-10-12 11:20:00 - logger_handler.py - [line:151] - ERROR - [日志信息]: 图片路径列表为空
2024-10-12 11:20:00 - logger_handler.py - [line:151] - ERROR - [日志信息]: 无效的图片路径：None
2024-10-12 11:23:28 - logger_handler.py - [line:151] - ERROR - [日志信息]: 请求失败：报错响应状态码 0，None
